[ 2013-03-20T08:01:04+08:00 ] 0.0.0.0 /maomobile/admin/
INFO: [ app_begin ] --START--
INFO: Run ReadHtmlCache Behavior [ RunTime:0.020658s ]
INFO: [ app_begin ] --END-- [ RunTime:0.021291s ]
INFO: [ view_parse ] --START--
INFO: Run ParseTemplate Behavior [ RunTime:0.053015s ]
INFO: [ view_parse ] --END-- [ RunTime:0.053227s ]
INFO: [ view_filter ] --START--
INFO: Run ContentReplace Behavior [ RunTime:0.009378s ]
INFO: Run TokenBuild Behavior [ RunTime:0.014270s ]
INFO: Run WriteHtmlCache Behavior [ RunTime:0.007360s ]
INFO: Run ShowRuntime Behavior [ RunTime:0.040889s ]
INFO: [ view_filter ] --END-- [ RunTime:0.072456s ]
INFO: [ view_end ] --START--
INFO: Run ShowPageTrace Behavior [ RunTime:0.007969s ]
INFO: [ view_end ] --END-- [ RunTime:0.008156s ]

[ 2013-03-20T08:01:46+08:00 ] ERR: (ThinkException) 无法加载模块:user
[ 2013-03-20T08:02:05+08:00 ] 0.0.0.0 /maomobile/admin/index.php
INFO: [ app_begin ] --START--
INFO: Run ReadHtmlCache Behavior [ RunTime:0.000966s ]
INFO: [ app_begin ] --END-- [ RunTime:0.001046s ]
INFO: [ view_parse ] --START--
INFO: Run ParseTemplate Behavior [ RunTime:0.001675s ]
INFO: [ view_parse ] --END-- [ RunTime:0.001753s ]
INFO: [ view_filter ] --START--
INFO: Run ContentReplace Behavior [ RunTime:0.000736s ]
INFO: Run TokenBuild Behavior [ RunTime:0.000836s ]
INFO: Run WriteHtmlCache Behavior [ RunTime:0.000632s ]
INFO: Run ShowRuntime Behavior [ RunTime:0.000826s ]
INFO: [ view_filter ] --END-- [ RunTime:0.003202s ]
INFO: [ view_end ] --START--
INFO: Run ShowPageTrace Behavior [ RunTime:0.000984s ]
INFO: [ view_end ] --END-- [ RunTime:0.001046s ]

[ 2013-03-20T08:02:19+08:00 ] ERR: (ThinkException) 无法加载模块:user
[ 2013-03-20T08:02:48+08:00 ] ERR: (ThinkException) 无法加载模块:user
[ 2013-03-20T08:02:49+08:00 ] ERR: (ThinkException) 无法加载模块:user
[ 2013-03-20T08:02:50+08:00 ] ERR: (ThinkException) 无法加载模块:user
[ 2013-03-20T08:03:25+08:00 ] 0.0.0.0 /maomobile/admin/index.php/User/login
INFO: [ route_check ] --START--
INFO: Run CheckRoute Behavior [ RunTime:0.001219s ]
INFO: [ route_check ] --END-- [ RunTime:0.001415s ]
INFO: [ app_begin ] --START--
INFO: Run ReadHtmlCache Behavior [ RunTime:0.001628s ]
INFO: [ app_begin ] --END-- [ RunTime:0.001698s ]
INFO: [ view_template ] --START--
INFO: Run LocationTemplate Behavior [ RunTime:0.020759s ]
INFO: [ view_template ] --END-- [ RunTime:0.020838s ]
INFO: [ view_parse ] --START--
INFO: Run ParseTemplate Behavior [ RunTime:0.080415s ]
INFO: [ view_parse ] --END-- [ RunTime:0.080578s ]
INFO: [ view_filter ] --START--
INFO: Run ContentReplace Behavior [ RunTime:0.002666s ]
INFO: Run TokenBuild Behavior [ RunTime:0.002688s ]
INFO: Run WriteHtmlCache Behavior [ RunTime:0.002427s ]
INFO: Run ShowRuntime Behavior [ RunTime:0.003098s ]
INFO: [ view_filter ] --END-- [ RunTime:0.011329s ]
INFO: [ view_end ] --START--
INFO: Run ShowPageTrace Behavior [ RunTime:0.003365s ]
INFO: [ view_end ] --END-- [ RunTime:0.003526s ]

