[ 2013-03-19T22:03:34+08:00 ] 0.0.0.0 /maomobile/index.php
INFO: [ app_begin ] --START--
INFO: Run ReadHtmlCache Behavior [ RunTime:0.014844s ]
INFO: [ app_begin ] --END-- [ RunTime:0.047866s ]
INFO: [ view_parse ] --START--
INFO: Run ParseTemplate Behavior [ RunTime:0.010775s ]
INFO: [ view_parse ] --END-- [ RunTime:0.010978s ]
INFO: [ view_filter ] --START--
INFO: Run ContentReplace Behavior [ RunTime:0.012834s ]
INFO: Run TokenBuild Behavior [ RunTime:0.009735s ]
INFO: Run WriteHtmlCache Behavior [ RunTime:0.007657s ]
INFO: Run ShowRuntime Behavior [ RunTime:0.007153s ]
INFO: [ view_filter ] --END-- [ RunTime:0.037669s ]
INFO: [ view_end ] --START--
INFO: Run ShowPageTrace Behavior [ RunTime:0.007511s ]
INFO: [ view_end ] --END-- [ RunTime:0.007578s ]

[ 2013-03-19T22:04:44+08:00 ] 0.0.0.0 /maomobile/index.php/Index/index
INFO: [ route_check ] --START--
INFO: Run CheckRoute Behavior [ RunTime:0.028357s ]
INFO: [ route_check ] --END-- [ RunTime:0.028469s ]
INFO: [ app_begin ] --START--
INFO: Run ReadHtmlCache Behavior [ RunTime:0.000916s ]
INFO: [ app_begin ] --END-- [ RunTime:0.000991s ]
INFO: [ view_parse ] --START--
INFO: Run ParseTemplate Behavior [ RunTime:0.001389s ]
INFO: [ view_parse ] --END-- [ RunTime:0.001460s ]
INFO: [ view_filter ] --START--
INFO: Run ContentReplace Behavior [ RunTime:0.000628s ]
INFO: Run TokenBuild Behavior [ RunTime:0.000631s ]
INFO: Run WriteHtmlCache Behavior [ RunTime:0.000537s ]
INFO: Run ShowRuntime Behavior [ RunTime:0.000752s ]
INFO: [ view_filter ] --END-- [ RunTime:0.002718s ]
INFO: [ view_end ] --START--
INFO: Run ShowPageTrace Behavior [ RunTime:0.000911s ]
INFO: [ view_end ] --END-- [ RunTime:0.000973s ]

[ 2013-03-19T22:26:52+08:00 ] ERR: (ThinkException) 无法加载模块:admin
